{"E:\\Telerik\\telerik-nodejs-tw\\Offers App\\data\\base\\base-data.js":{"path":"E:\\Telerik\\telerik-nodejs-tw\\Offers App\\data\\base\\base-data.js","s":{"1":1,"2":2,"3":2,"4":2,"5":2,"6":2,"7":0,"8":0,"9":2,"10":2,"11":1,"12":4,"13":1,"14":0,"15":0,"16":0,"17":0,"18":0,"19":0,"20":0,"21":0,"22":0,"23":0,"24":0,"25":2,"26":1},"b":{"1":[1,1],"2":[0,0],"3":[0,0],"4":[0,0]},"f":{"1":2,"2":0,"3":0,"4":2,"5":0,"6":0,"7":0,"8":0,"9":0,"10":0,"11":2},"fnMap":{"1":{"name":"(anonymous_1)","line":4,"loc":{"start":{"line":4,"column":15},"end":{"line":4,"column":43}}},"2":{"name":"(anonymous_2)","line":12,"loc":{"start":{"line":12,"column":18},"end":{"line":12,"column":21}}},"3":{"name":"(anonymous_3)","line":20,"loc":{"start":{"line":20,"column":12},"end":{"line":20,"column":20}}},"4":{"name":"(anonymous_4)","line":25,"loc":{"start":{"line":25,"column":10},"end":{"line":25,"column":13}}},"5":{"name":"(anonymous_5)","line":39,"loc":{"start":{"line":39,"column":10},"end":{"line":39,"column":18}}},"6":{"name":"(anonymous_6)","line":49,"loc":{"start":{"line":49,"column":12},"end":{"line":49,"column":17}}},"7":{"name":"(anonymous_7)","line":55,"loc":{"start":{"line":55,"column":14},"end":{"line":55,"column":22}}},"8":{"name":"(anonymous_8)","line":61,"loc":{"start":{"line":61,"column":14},"end":{"line":61,"column":22}}},"9":{"name":"(anonymous_9)","line":67,"loc":{"start":{"line":67,"column":14},"end":{"line":67,"column":22}}},"10":{"name":"(anonymous_10)","line":74,"loc":{"start":{"line":74,"column":17},"end":{"line":74,"column":25}}},"11":{"name":"(anonymous_11)","line":83,"loc":{"start":{"line":83,"column":22},"end":{"line":83,"column":25}}}},"statementMap":{"1":{"start":{"line":1,"column":0},"end":{"line":1,"column":40}},"2":{"start":{"line":5,"column":8},"end":{"line":5,"column":21}},"3":{"start":{"line":6,"column":8},"end":{"line":6,"column":37}},"4":{"start":{"line":7,"column":8},"end":{"line":7,"column":35}},"5":{"start":{"line":8,"column":8},"end":{"line":8,"column":56}},"6":{"start":{"line":9,"column":8},"end":{"line":9,"column":66}},"7":{"start":{"line":13,"column":8},"end":{"line":17,"column":23}},"8":{"start":{"line":21,"column":8},"end":{"line":22,"column":23}},"9":{"start":{"line":26,"column":8},"end":{"line":36,"column":15}},"10":{"start":{"line":29,"column":16},"end":{"line":33,"column":17}},"11":{"start":{"line":30,"column":20},"end":{"line":32,"column":22}},"12":{"start":{"line":31,"column":35},"end":{"line":31,"column":69}},"13":{"start":{"line":35,"column":16},"end":{"line":35,"column":30}},"14":{"start":{"line":40,"column":8},"end":{"line":42,"column":9}},"15":{"start":{"line":41,"column":12},"end":{"line":41,"column":51}},"16":{"start":{"line":43,"column":8},"end":{"line":46,"column":15}},"17":{"start":{"line":45,"column":16},"end":{"line":45,"column":58}},"18":{"start":{"line":50,"column":8},"end":{"line":52,"column":11}},"19":{"start":{"line":56,"column":8},"end":{"line":58,"column":18}},"20":{"start":{"line":62,"column":8},"end":{"line":64,"column":18}},"21":{"start":{"line":68,"column":8},"end":{"line":70,"column":21}},"22":{"start":{"line":75,"column":8},"end":{"line":78,"column":9}},"23":{"start":{"line":77,"column":12},"end":{"line":77,"column":24}},"24":{"start":{"line":80,"column":8},"end":{"line":80,"column":45}},"25":{"start":{"line":84,"column":8},"end":{"line":84,"column":56}},"26":{"start":{"line":88,"column":0},"end":{"line":88,"column":26}}},"branchMap":{"1":{"line":29,"type":"if","locations":[{"start":{"line":29,"column":16},"end":{"line":29,"column":16}},{"start":{"line":29,"column":16},"end":{"line":29,"column":16}}]},"2":{"line":40,"type":"if","locations":[{"start":{"line":40,"column":8},"end":{"line":40,"column":8}},{"start":{"line":40,"column":8},"end":{"line":40,"column":8}}]},"3":{"line":75,"type":"if","locations":[{"start":{"line":75,"column":8},"end":{"line":75,"column":8}},{"start":{"line":75,"column":8},"end":{"line":75,"column":8}}]},"4":{"line":75,"type":"binary-expr","locations":[{"start":{"line":75,"column":12},"end":{"line":75,"column":49}},{"start":{"line":76,"column":12},"end":{"line":76,"column":56}}]}}}}