{
"E:\\Telerik\\telerik-nodejs-tw\\Offers App\\data\\data.js":{"path":"E:\\Telerik\\telerik-nodejs-tw\\Offers App\\data\\data.js","s":{"1":1,"2":1,"3":1,"4":9,"5":1},"b":{},"f":{},"fnMap":{},"statementMap":{"1":{"start":{"line":1,"column":0},"end":{"line":1,"column":44}},"2":{"start":{"line":2,"column":0},"end":{"line":2,"column":42}},"3":{"start":{"line":4,"column":0},"end":{"line":9,"column":2}},"4":{"start":{"line":5,"column":4},"end":{"line":8,"column":7}},"5":{"start":{"line":11,"column":0},"end":{"line":11,"column":26}}},"branchMap":{},"l":{"1":1,"2":1,"4":1,"5":9,"11":1}},
"E:\\Telerik\\telerik-nodejs-tw\\Offers App\\data\\index.js":{"path":"E:\\Telerik\\telerik-nodejs-tw\\Offers App\\data\\index.js","s":{"1":1},"b":{},"f":{},"fnMap":{},"statementMap":{"1":{"start":{"line":1,"column":0},"end":{"line":1,"column":35}}},"branchMap":{},"l":{"1":1}},
"E:\\Telerik\\telerik-nodejs-tw\\Offers App\\data\\offers-data.js":{"path":"E:\\Telerik\\telerik-nodejs-tw\\Offers App\\data\\offers-data.js","s":{"1":1,"2":1,"3":9,"4":1},"b":{},"f":{"1":9},"fnMap":{"1":{"name":"(anonymous_1)","line":5,"loc":{"start":{"line":5,"column":15},"end":{"line":5,"column":20}}}},"statementMap":{"1":{"start":{"line":1,"column":0},"end":{"line":1,"column":45}},"2":{"start":{"line":2,"column":0},"end":{"line":2,"column":47}},"3":{"start":{"line":6,"column":8},"end":{"line":6,"column":32}},"4":{"start":{"line":10,"column":0},"end":{"line":10,"column":28}}},"branchMap":{},"l":{"1":1,"2":1,"6":9,"10":1}},
"E:\\Telerik\\telerik-nodejs-tw\\Offers App\\data\\users-data.js":{"path":"E:\\Telerik\\telerik-nodejs-tw\\Offers App\\data\\users-data.js","s":{"1":1,"2":1,"3":1,"4":9,"5":0,"6":0,"7":0,"8":0,"9":1},"b":{},"f":{"1":9,"2":0,"3":0,"4":0},"fnMap":{"1":{"name":"(anonymous_1)","line":6,"loc":{"start":{"line":6,"column":15},"end":{"line":6,"column":20}}},"2":{"name":"(anonymous_2)","line":10,"loc":{"start":{"line":10,"column":18},"end":{"line":10,"column":29}}},"3":{"name":"(anonymous_3)","line":16,"loc":{"start":{"line":16,"column":9},"end":{"line":16,"column":30}}},"4":{"name":"(anonymous_4)","line":35,"loc":{"start":{"line":35,"column":23},"end":{"line":35,"column":38}}}},"statementMap":{"1":{"start":{"line":1,"column":0},"end":{"line":1,"column":45}},"2":{"start":{"line":2,"column":0},"end":{"line":2,"column":45}},"3":{"start":{"line":3,"column":0},"end":{"line":3,"column":40}},"4":{"start":{"line":7,"column":8},"end":{"line":7,"column":30}},"5":{"start":{"line":11,"column":8},"end":{"line":13,"column":36}},"6":{"start":{"line":13,"column":30},"end":{"line":13,"column":34}},"7":{"start":{"line":17,"column":8},"end":{"line":18,"column":65}},"8":{"start":{"line":36,"column":8},"end":{"line":40,"column":10}},"9":{"start":{"line":44,"column":0},"end":{"line":44,"column":27}}},"branchMap":{},"l":{"1":1,"2":1,"3":1,"7":9,"11":0,"13":0,"17":0,"36":0,"44":1}},
"E:\\Telerik\\telerik-nodejs-tw\\Offers App\\data\\base\\base-data.js":{"path":"E:\\Telerik\\telerik-nodejs-tw\\Offers App\\data\\base\\base-data.js","s":{"1":1,"2":20,"3":20,"4":20,"5":20,"6":20,"7":2,"8":0,"9":3,"10":3,"11":2,"12":4,"13":1,"14":0,"15":0,"16":0,"17":0,"18":4,"19":0,"20":0,"21":0,"22":0,"23":0,"24":0,"25":20,"26":1},"b":{"1":[2,1],"2":[0,0],"3":[0,0],"4":[0,0]},"f":{"1":20,"2":2,"3":0,"4":3,"5":0,"6":4,"7":0,"8":0,"9":0,"10":0,"11":20},"fnMap":{"1":{"name":"(anonymous_1)","line":4,"loc":{"start":{"line":4,"column":15},"end":{"line":4,"column":43}}},"2":{"name":"(anonymous_2)","line":12,"loc":{"start":{"line":12,"column":18},"end":{"line":12,"column":21}}},"3":{"name":"(anonymous_3)","line":20,"loc":{"start":{"line":20,"column":12},"end":{"line":20,"column":20}}},"4":{"name":"(anonymous_4)","line":25,"loc":{"start":{"line":25,"column":10},"end":{"line":25,"column":13}}},"5":{"name":"(anonymous_5)","line":39,"loc":{"start":{"line":39,"column":10},"end":{"line":39,"column":18}}},"6":{"name":"(anonymous_6)","line":49,"loc":{"start":{"line":49,"column":12},"end":{"line":49,"column":17}}},"7":{"name":"(anonymous_7)","line":55,"loc":{"start":{"line":55,"column":14},"end":{"line":55,"column":22}}},"8":{"name":"(anonymous_8)","line":61,"loc":{"start":{"line":61,"column":14},"end":{"line":61,"column":22}}},"9":{"name":"(anonymous_9)","line":67,"loc":{"start":{"line":67,"column":14},"end":{"line":67,"column":22}}},"10":{"name":"(anonymous_10)","line":74,"loc":{"start":{"line":74,"column":17},"end":{"line":74,"column":25}}},"11":{"name":"(anonymous_11)","line":83,"loc":{"start":{"line":83,"column":22},"end":{"line":83,"column":25}}}},"statementMap":{"1":{"start":{"line":1,"column":0},"end":{"line":1,"column":40}},"2":{"start":{"line":5,"column":8},"end":{"line":5,"column":21}},"3":{"start":{"line":6,"column":8},"end":{"line":6,"column":37}},"4":{"start":{"line":7,"column":8},"end":{"line":7,"column":35}},"5":{"start":{"line":8,"column":8},"end":{"line":8,"column":56}},"6":{"start":{"line":9,"column":8},"end":{"line":9,"column":66}},"7":{"start":{"line":13,"column":8},"end":{"line":17,"column":23}},"8":{"start":{"line":21,"column":8},"end":{"line":22,"column":23}},"9":{"start":{"line":26,"column":8},"end":{"line":36,"column":15}},"10":{"start":{"line":29,"column":16},"end":{"line":33,"column":17}},"11":{"start":{"line":30,"column":20},"end":{"line":32,"column":22}},"12":{"start":{"line":31,"column":35},"end":{"line":31,"column":69}},"13":{"start":{"line":35,"column":16},"end":{"line":35,"column":30}},"14":{"start":{"line":40,"column":8},"end":{"line":42,"column":9}},"15":{"start":{"line":41,"column":12},"end":{"line":41,"column":51}},"16":{"start":{"line":43,"column":8},"end":{"line":46,"column":15}},"17":{"start":{"line":45,"column":16},"end":{"line":45,"column":58}},"18":{"start":{"line":50,"column":8},"end":{"line":52,"column":11}},"19":{"start":{"line":56,"column":8},"end":{"line":58,"column":18}},"20":{"start":{"line":62,"column":8},"end":{"line":64,"column":18}},"21":{"start":{"line":68,"column":8},"end":{"line":70,"column":21}},"22":{"start":{"line":75,"column":8},"end":{"line":78,"column":9}},"23":{"start":{"line":77,"column":12},"end":{"line":77,"column":24}},"24":{"start":{"line":80,"column":8},"end":{"line":80,"column":45}},"25":{"start":{"line":84,"column":8},"end":{"line":84,"column":56}},"26":{"start":{"line":88,"column":0},"end":{"line":88,"column":26}}},"branchMap":{"1":{"line":29,"type":"if","locations":[{"start":{"line":29,"column":16},"end":{"line":29,"column":16}},{"start":{"line":29,"column":16},"end":{"line":29,"column":16}}]},"2":{"line":40,"type":"if","locations":[{"start":{"line":40,"column":8},"end":{"line":40,"column":8}},{"start":{"line":40,"column":8},"end":{"line":40,"column":8}}]},"3":{"line":75,"type":"if","locations":[{"start":{"line":75,"column":8},"end":{"line":75,"column":8}},{"start":{"line":75,"column":8},"end":{"line":75,"column":8}}]},"4":{"line":75,"type":"binary-expr","locations":[{"start":{"line":75,"column":12},"end":{"line":75,"column":49}},{"start":{"line":76,"column":12},"end":{"line":76,"column":56}}]}},"l":{"1":1,"5":20,"6":20,"7":20,"8":20,"9":20,"13":2,"21":0,"26":3,"29":3,"30":2,"31":4,"35":1,"40":0,"41":0,"43":0,"45":0,"50":4,"56":0,"62":0,"68":0,"75":0,"77":0,"80":0,"84":20,"88":1}},
"E:\\Telerik\\telerik-nodejs-tw\\Offers App\\app\\routers\\auth-router\\controller.js":{"path":"E:\\Telerik\\telerik-nodejs-tw\\Offers App\\app\\routers\\auth-router\\controller.js","s":{"1":9,"2":2,"3":1,"4":1,"5":1,"6":3,"7":3,"8":3,"9":3,"10":3,"11":3,"12":3,"13":3,"14":0,"15":0,"16":0,"17":0,"18":0,"19":0,"20":0,"21":1,"22":9,"23":1},"b":{"1":[3,0],"2":[0,0]},"f":{"1":9,"2":2,"3":1,"4":1,"5":3},"fnMap":{"1":{"name":"(anonymous_1)","line":2,"loc":{"start":{"line":2,"column":15},"end":{"line":2,"column":22}}},"2":{"name":"(anonymous_2)","line":6,"loc":{"start":{"line":6,"column":17},"end":{"line":6,"column":28}}},"3":{"name":"(anonymous_3)","line":9,"loc":{"start":{"line":9,"column":17},"end":{"line":9,"column":28}}},"4":{"name":"(anonymous_4)","line":12,"loc":{"start":{"line":12,"column":11},"end":{"line":12,"column":22}}},"5":{"name":"(anonymous_5)","line":17,"loc":{"start":{"line":17,"column":10},"end":{"line":17,"column":21}}}},"statementMap":{"1":{"start":{"line":3,"column":8},"end":{"line":3,"column":25}},"2":{"start":{"line":7,"column":8},"end":{"line":7,"column":42}},"3":{"start":{"line":10,"column":8},"end":{"line":10,"column":42}},"4":{"start":{"line":13,"column":8},"end":{"line":13,"column":21}},"5":{"start":{"line":14,"column":8},"end":{"line":14,"column":33}},"6":{"start":{"line":18,"column":8},"end":{"line":18,"column":34}},"7":{"start":{"line":20,"column":8},"end":{"line":21,"column":69}},"8":{"start":{"line":22,"column":8},"end":{"line":23,"column":60}},"9":{"start":{"line":24,"column":8},"end":{"line":25,"column":39}},"10":{"start":{"line":26,"column":8},"end":{"line":26,"column":60}},"11":{"start":{"line":28,"column":8},"end":{"line":55,"column":15}},"12":{"start":{"line":30,"column":16},"end":{"line":35,"column":17}},"13":{"start":{"line":31,"column":20},"end":{"line":34,"column":23}},"14":{"start":{"line":37,"column":16},"end":{"line":54,"column":23}},"15":{"start":{"line":39,"column":24},"end":{"line":48,"column":25}},"16":{"start":{"line":40,"column":28},"end":{"line":40,"column":46}},"17":{"start":{"line":41,"column":28},"end":{"line":43,"column":65}},"18":{"start":{"line":44,"column":28},"end":{"line":47,"column":31}},"19":{"start":{"line":50,"column":24},"end":{"line":50,"column":64}},"20":{"start":{"line":53,"column":24},"end":{"line":53,"column":61}},"21":{"start":{"line":59,"column":4},"end":{"line":61,"column":6}},"22":{"start":{"line":60,"column":8},"end":{"line":60,"column":40}},"23":{"start":{"line":63,"column":0},"end":{"line":63,"column":26}}},"branchMap":{"1":{"line":30,"type":"if","locations":[{"start":{"line":30,"column":16},"end":{"line":30,"column":16}},{"start":{"line":30,"column":16},"end":{"line":30,"column":16}}]},"2":{"line":39,"type":"if","locations":[{"start":{"line":39,"column":24},"end":{"line":39,"column":24}},{"start":{"line":39,"column":24},"end":{"line":39,"column":24}}]}},"l":{"3":9,"7":2,"10":1,"13":1,"14":1,"18":3,"20":3,"22":3,"24":3,"26":3,"28":3,"30":3,"31":3,"37":0,"39":0,"40":0,"41":0,"44":0,"50":0,"53":0,"59":1,"60":9,"63":1}},
"E:\\Telerik\\telerik-nodejs-tw\\Offers App\\app\\routers\\auth-router\\index.js":{"path":"E:\\Telerik\\telerik-nodejs-tw\\Offers App\\app\\routers\\auth-router\\index.js","s":{"1":1},"b":{},"f":{},"fnMap":{},"statementMap":{"1":{"start":{"line":1,"column":0},"end":{"line":1,"column":37}}},"branchMap":{},"l":{"1":1}},
"E:\\Telerik\\telerik-nodejs-tw\\Offers App\\app\\routers\\auth-router\\router.js":{"path":"E:\\Telerik\\telerik-nodejs-tw\\Offers App\\app\\routers\\auth-router\\router.js","s":{"1":1,"2":1,"3":1,"4":9,"5":9,"6":9,"7":2,"8":1,"9":1,"10":3,"11":9,"12":1},"b":{},"f":{},"fnMap":{},"statementMap":{"1":{"start":{"line":1,"column":0},"end":{"line":1,"column":38}},"2":{"start":{"line":2,"column":0},"end":{"line":2,"column":37}},"3":{"start":{"line":4,"column":0},"end":{"line":28,"column":2}},"4":{"start":{"line":5,"column":4},"end":{"line":5,"column":32}},"5":{"start":{"line":6,"column":4},"end":{"line":6,"column":58}},"6":{"start":{"line":8,"column":4},"end":{"line":25,"column":12}},"7":{"start":{"line":10,"column":12},"end":{"line":10,"column":54}},"8":{"start":{"line":13,"column":12},"end":{"line":13,"column":54}},"9":{"start":{"line":16,"column":12},"end":{"line":16,"column":48}},"10":{"start":{"line":19,"column":12},"end":{"line":19,"column":47}},"11":{"start":{"line":27,"column":4},"end":{"line":27,"column":29}},"12":{"start":{"line":30,"column":0},"end":{"line":30,"column":30}}},"branchMap":{},"l":{"1":1,"2":1,"4":1,"5":9,"6":9,"8":9,"10":2,"13":1,"16":1,"19":3,"27":9,"30":1}},
"E:\\Telerik\\telerik-nodejs-tw\\Offers App\\app\\routers\\offers-router\\controller.js":{"path":"E:\\Telerik\\telerik-nodejs-tw\\Offers App\\app\\routers\\offers-router\\controller.js","s":{"1":10,"2":2,"3":2,"4":2,"5":2,"6":0,"7":1,"8":1,"9":2,"10":2,"11":0,"12":0,"13":0,"14":0,"15":0,"16":0,"17":0,"18":0,"19":0,"20":0,"21":0,"22":0,"23":0,"24":0,"25":0,"26":0,"27":0,"28":0,"29":0,"30":0,"31":0,"32":0,"33":0,"34":0,"35":2,"36":2,"37":2,"38":0,"39":0,"40":0,"41":0,"42":1,"43":10,"44":1},"b":{"1":[2,0],"2":[2,0],"3":[0,0],"4":[0,0],"5":[0,0],"6":[0,0],"7":[0,0],"8":[0,0]},"f":{"1":10,"2":2,"3":2,"4":0,"5":1,"6":2,"7":0,"8":0,"9":0,"10":2},"fnMap":{"1":{"name":"(anonymous_1)","line":2,"loc":{"start":{"line":2,"column":15},"end":{"line":2,"column":22}}},"2":{"name":"(anonymous_2)","line":6,"loc":{"start":{"line":6,"column":11},"end":{"line":6,"column":22}}},"3":{"name":"(anonymous_3)","line":15,"loc":{"start":{"line":15,"column":10},"end":{"line":15,"column":21}}},"4":{"name":"(anonymous_4)","line":24,"loc":{"start":{"line":24,"column":18},"end":{"line":24,"column":29}}},"5":{"name":"(anonymous_5)","line":30,"loc":{"start":{"line":30,"column":11},"end":{"line":30,"column":22}}},"6":{"name":"(anonymous_6)","line":37,"loc":{"start":{"line":37,"column":16},"end":{"line":37,"column":27}}},"7":{"name":"(anonymous_7)","line":48,"loc":{"start":{"line":48,"column":19},"end":{"line":48,"column":30}}},"8":{"name":"(anonymous_8)","line":62,"loc":{"start":{"line":62,"column":10},"end":{"line":62,"column":21}}},"9":{"name":"(anonymous_9)","line":121,"loc":{"start":{"line":121,"column":22},"end":{"line":121,"column":33}}},"10":{"name":"(anonymous_10)","line":131,"loc":{"start":{"line":131,"column":14},"end":{"line":131,"column":25}}}},"statementMap":{"1":{"start":{"line":3,"column":8},"end":{"line":3,"column":25}},"2":{"start":{"line":7,"column":8},"end":{"line":12,"column":15}},"3":{"start":{"line":9,"column":16},"end":{"line":11,"column":19}},"4":{"start":{"line":16,"column":8},"end":{"line":21,"column":15}},"5":{"start":{"line":18,"column":16},"end":{"line":20,"column":19}},"6":{"start":{"line":25,"column":8},"end":{"line":27,"column":11}},"7":{"start":{"line":31,"column":8},"end":{"line":34,"column":15}},"8":{"start":{"line":33,"column":16},"end":{"line":33,"column":49}},"9":{"start":{"line":38,"column":8},"end":{"line":38,"column":33}},"10":{"start":{"line":39,"column":8},"end":{"line":45,"column":15}},"11":{"start":{"line":41,"column":16},"end":{"line":44,"column":23}},"12":{"start":{"line":49,"column":8},"end":{"line":49,"column":33}},"13":{"start":{"line":50,"column":8},"end":{"line":59,"column":15}},"14":{"start":{"line":52,"column":16},"end":{"line":58,"column":23}},"15":{"start":{"line":63,"column":8},"end":{"line":63,"column":31}},"16":{"start":{"line":64,"column":8},"end":{"line":64,"column":30}},"17":{"start":{"line":66,"column":8},"end":{"line":67,"column":66}},"18":{"start":{"line":68,"column":8},"end":{"line":69,"column":50}},"19":{"start":{"line":70,"column":8},"end":{"line":71,"column":51}},"20":{"start":{"line":72,"column":8},"end":{"line":73,"column":75}},"21":{"start":{"line":75,"column":8},"end":{"line":118,"column":15}},"22":{"start":{"line":77,"column":16},"end":{"line":82,"column":17}},"23":{"start":{"line":78,"column":20},"end":{"line":81,"column":23}},"24":{"start":{"line":84,"column":16},"end":{"line":87,"column":18}},"25":{"start":{"line":89,"column":16},"end":{"line":117,"column":23}},"26":{"start":{"line":94,"column":24},"end":{"line":94,"column":56}},"27":{"start":{"line":95,"column":24},"end":{"line":103,"column":27}},"28":{"start":{"line":105,"column":24},"end":{"line":111,"column":31}},"29":{"start":{"line":110,"column":32},"end":{"line":110,"column":78}},"30":{"start":{"line":115,"column":24},"end":{"line":115,"column":48}},"31":{"start":{"line":116,"column":24},"end":{"line":116,"column":60}},"32":{"start":{"line":122,"column":8},"end":{"line":122,"column":37}},"33":{"start":{"line":123,"column":8},"end":{"line":128,"column":15}},"34":{"start":{"line":125,"column":16},"end":{"line":127,"column":19}},"35":{"start":{"line":132,"column":8},"end":{"line":132,"column":33}},"36":{"start":{"line":133,"column":8},"end":{"line":133,"column":41}},"37":{"start":{"line":135,"column":8},"end":{"line":143,"column":15}},"38":{"start":{"line":137,"column":16},"end":{"line":137,"column":54}},"39":{"start":{"line":138,"column":16},"end":{"line":138,"column":45}},"40":{"start":{"line":139,"column":16},"end":{"line":142,"column":23}},"41":{"start":{"line":141,"column":24},"end":{"line":141,"column":61}},"42":{"start":{"line":147,"column":0},"end":{"line":149,"column":2}},"43":{"start":{"line":148,"column":4},"end":{"line":148,"column":38}},"44":{"start":{"line":151,"column":0},"end":{"line":151,"column":26}}},"branchMap":{"1":{"line":10,"type":"binary-expr","locations":[{"start":{"line":10,"column":29},"end":{"line":10,"column":35}},{"start":{"line":10,"column":39},"end":{"line":10,"column":41}}]},"2":{"line":19,"type":"binary-expr","locations":[{"start":{"line":19,"column":29},"end":{"line":19,"column":35}},{"start":{"line":19,"column":39},"end":{"line":19,"column":41}}]},"3":{"line":26,"type":"binary-expr","locations":[{"start":{"line":26,"column":21},"end":{"line":26,"column":36}},{"start":{"line":26,"column":40},"end":{"line":26,"column":42}}]},"4":{"line":43,"type":"binary-expr","locations":[{"start":{"line":43,"column":33},"end":{"line":43,"column":38}},{"start":{"line":43,"column":42},"end":{"line":43,"column":44}}]},"5":{"line":77,"type":"if","locations":[{"start":{"line":77,"column":16},"end":{"line":77,"column":16}},{"start":{"line":77,"column":16},"end":{"line":77,"column":16}}]},"6":{"line":94,"type":"binary-expr","locations":[{"start":{"line":94,"column":38},"end":{"line":94,"column":49}},{"start":{"line":94,"column":53},"end":{"line":94,"column":55}}]},"7":{"line":126,"type":"binary-expr","locations":[{"start":{"line":126,"column":29},"end":{"line":126,"column":35}},{"start":{"line":126,"column":39},"end":{"line":126,"column":41}}]},"8":{"line":137,"type":"binary-expr","locations":[{"start":{"line":137,"column":33},"end":{"line":137,"column":47}},{"start":{"line":137,"column":51},"end":{"line":137,"column":53}}]}},"l":{"3":10,"7":2,"9":2,"16":2,"18":2,"25":0,"31":1,"33":1,"38":2,"39":2,"41":0,"49":0,"50":0,"52":0,"63":0,"64":0,"66":0,"68":0,"70":0,"72":0,"75":0,"77":0,"78":0,"84":0,"89":0,"94":0,"95":0,"105":0,"110":0,"115":0,"116":0,"122":0,"123":0,"125":0,"132":2,"133":2,"135":2,"137":0,"138":0,"139":0,"141":0,"147":1,"148":10,"151":1}},
"E:\\Telerik\\telerik-nodejs-tw\\Offers App\\app\\routers\\offers-router\\index.js":{"path":"E:\\Telerik\\telerik-nodejs-tw\\Offers App\\app\\routers\\offers-router\\index.js","s":{"1":1},"b":{},"f":{},"fnMap":{},"statementMap":{"1":{"start":{"line":1,"column":0},"end":{"line":1,"column":37}}},"branchMap":{},"l":{"1":1}},
"E:\\Telerik\\telerik-nodejs-tw\\Offers App\\app\\routers\\offers-router\\router.js":{"path":"E:\\Telerik\\telerik-nodejs-tw\\Offers App\\app\\routers\\offers-router\\router.js","s":{"1":1,"2":9,"3":9,"4":2,"5":9,"6":1,"7":9,"8":1,"9":9,"10":0,"11":9,"12":0,"13":9,"14":2,"15":9,"16":2,"17":9,"18":0,"19":9,"20":0,"21":1},"b":{},"f":{},"fnMap":{},"statementMap":{"1":{"start":{"line":1,"column":0},"end":{"line":39,"column":2}},"2":{"start":{"line":2,"column":4},"end":{"line":2,"column":58}},"3":{"start":{"line":4,"column":4},"end":{"line":6,"column":7}},"4":{"start":{"line":5,"column":8},"end":{"line":5,"column":44}},"5":{"start":{"line":8,"column":4},"end":{"line":10,"column":7}},"6":{"start":{"line":9,"column":8},"end":{"line":9,"column":43}},"7":{"start":{"line":12,"column":4},"end":{"line":14,"column":7}},"8":{"start":{"line":13,"column":8},"end":{"line":13,"column":44}},"9":{"start":{"line":16,"column":4},"end":{"line":18,"column":7}},"10":{"start":{"line":17,"column":8},"end":{"line":17,"column":51}},"11":{"start":{"line":20,"column":4},"end":{"line":22,"column":7}},"12":{"start":{"line":21,"column":8},"end":{"line":21,"column":43}},"13":{"start":{"line":24,"column":4},"end":{"line":26,"column":7}},"14":{"start":{"line":25,"column":8},"end":{"line":25,"column":49}},"15":{"start":{"line":28,"column":4},"end":{"line":30,"column":7}},"16":{"start":{"line":29,"column":8},"end":{"line":29,"column":47}},"17":{"start":{"line":32,"column":4},"end":{"line":34,"column":7}},"18":{"start":{"line":33,"column":8},"end":{"line":33,"column":52}},"19":{"start":{"line":36,"column":4},"end":{"line":38,"column":7}},"20":{"start":{"line":37,"column":7},"end":{"line":37,"column":54}},"21":{"start":{"line":41,"column":0},"end":{"line":41,"column":30}}},"branchMap":{},"l":{"1":1,"2":9,"4":9,"5":2,"8":9,"9":1,"12":9,"13":1,"16":9,"17":0,"20":9,"21":0,"24":9,"25":2,"28":9,"29":2,"32":9,"33":0,"36":9,"37":0,"41":1}},
"E:\\Telerik\\telerik-nodejs-tw\\Offers App\\app\\app.js":{"path":"E:\\Telerik\\telerik-nodejs-tw\\Offers App\\app\\app.js","s":{"1":1,"2":1,"3":1,"4":1,"5":9,"6":9,"7":9,"8":9,"9":9,"10":9,"11":15,"12":15,"13":9,"14":9,"15":9,"16":1},"b":{},"f":{},"fnMap":{},"statementMap":{"1":{"start":{"line":1,"column":0},"end":{"line":1,"column":35}},"2":{"start":{"line":2,"column":0},"end":{"line":2,"column":43}},"3":{"start":{"line":3,"column":0},"end":{"line":3,"column":54}},"4":{"start":{"line":5,"column":0},"end":{"line":26,"column":2}},"5":{"start":{"line":6,"column":4},"end":{"line":6,"column":26}},"6":{"start":{"line":8,"column":4},"end":{"line":8,"column":37}},"7":{"start":{"line":9,"column":4},"end":{"line":9,"column":41}},"8":{"start":{"line":11,"column":4},"end":{"line":11,"column":51}},"9":{"start":{"line":13,"column":4},"end":{"line":13,"column":40}},"10":{"start":{"line":14,"column":4},"end":{"line":17,"column":7}},"11":{"start":{"line":15,"column":8},"end":{"line":15,"column":68}},"12":{"start":{"line":16,"column":8},"end":{"line":16,"column":15}},"13":{"start":{"line":19,"column":4},"end":{"line":19,"column":32}},"14":{"start":{"line":21,"column":4},"end":{"line":22,"column":25}},"15":{"start":{"line":25,"column":4},"end":{"line":25,"column":32}},"16":{"start":{"line":28,"column":0},"end":{"line":28,"column":26}}},"branchMap":{},"l":{"1":1,"2":1,"3":1,"5":1,"6":9,"8":9,"9":9,"11":9,"13":9,"14":9,"15":15,"16":15,"19":9,"21":9,"25":9,"28":1}},
"E:\\Telerik\\telerik-nodejs-tw\\Offers App\\app\\index.js":{"path":"E:\\Telerik\\telerik-nodejs-tw\\Offers App\\app\\index.js","s":{"1":1},"b":{},"f":{},"fnMap":{},"statementMap":{"1":{"start":{"line":1,"column":0},"end":{"line":1,"column":34}}},"branchMap":{},"l":{"1":1}},
"E:\\Telerik\\telerik-nodejs-tw\\Offers App\\app\\auth\\auth.js":{"path":"E:\\Telerik\\telerik-nodejs-tw\\Offers App\\app\\auth\\auth.js","s":{"1":1,"2":1,"3":1,"4":1,"5":1,"6":1,"7":9,"8":0,"9":0,"10":0,"11":0,"12":9,"13":9,"14":9,"15":9,"16":0,"17":9,"18":0,"19":0,"20":9,"21":15,"22":15,"23":1},"b":{"1":[0,0]},"f":{},"fnMap":{},"statementMap":{"1":{"start":{"line":1,"column":0},"end":{"line":1,"column":43}},"2":{"start":{"line":2,"column":0},"end":{"line":2,"column":37}},"3":{"start":{"line":3,"column":0},"end":{"line":3,"column":47}},"4":{"start":{"line":4,"column":0},"end":{"line":4,"column":53}},"5":{"start":{"line":6,"column":0},"end":{"line":6,"column":39}},"6":{"start":{"line":8,"column":0},"end":{"line":47,"column":2}},"7":{"start":{"line":9,"column":4},"end":{"line":17,"column":8}},"8":{"start":{"line":10,"column":8},"end":{"line":16,"column":15}},"9":{"start":{"line":12,"column":16},"end":{"line":14,"column":17}},"10":{"start":{"line":13,"column":20},"end":{"line":13,"column":44}},"11":{"start":{"line":15,"column":16},"end":{"line":15,"column":41}},"12":{"start":{"line":19,"column":4},"end":{"line":24,"column":8}},"13":{"start":{"line":26,"column":4},"end":{"line":26,"column":35}},"14":{"start":{"line":27,"column":4},"end":{"line":27,"column":32}},"15":{"start":{"line":29,"column":4},"end":{"line":31,"column":7}},"16":{"start":{"line":30,"column":8},"end":{"line":30,"column":29}},"17":{"start":{"line":33,"column":4},"end":{"line":38,"column":7}},"18":{"start":{"line":34,"column":8},"end":{"line":37,"column":27}},"19":{"start":{"line":36,"column":16},"end":{"line":36,"column":33}},"20":{"start":{"line":40,"column":4},"end":{"line":46,"column":7}},"21":{"start":{"line":41,"column":8},"end":{"line":43,"column":10}},"22":{"start":{"line":45,"column":8},"end":{"line":45,"column":15}},"23":{"start":{"line":49,"column":0},"end":{"line":49,"column":29}}},"branchMap":{"1":{"line":12,"type":"if","locations":[{"start":{"line":12,"column":16},"end":{"line":12,"column":16}},{"start":{"line":12,"column":16},"end":{"line":12,"column":16}}]}},"l":{"1":1,"2":1,"3":1,"4":1,"6":1,"8":1,"9":9,"10":0,"12":0,"13":0,"15":0,"19":9,"26":9,"27":9,"29":9,"30":0,"33":9,"34":0,"36":0,"40":9,"41":15,"45":15,"49":1}},
"E:\\Telerik\\telerik-nodejs-tw\\Offers App\\app\\auth\\index.js":{"path":"E:\\Telerik\\telerik-nodejs-tw\\Offers App\\app\\auth\\index.js","s":{"1":1},"b":{},"f":{},"fnMap":{},"statementMap":{"1":{"start":{"line":1,"column":0},"end":{"line":1,"column":35}}},"branchMap":{},"l":{"1":1}},
"E:\\Telerik\\telerik-nodejs-tw\\Offers App\\app\\config\\config.js":{"path":"E:\\Telerik\\telerik-nodejs-tw\\Offers App\\app\\config\\config.js","s":{"1":1,"2":1,"3":1,"4":1,"5":1,"6":9,"7":9,"8":9,"9":9,"10":9,"11":9,"12":9,"13":9,"14":1},"b":{},"f":{},"fnMap":{},"statementMap":{"1":{"start":{"line":3,"column":0},"end":{"line":3,"column":29}},"2":{"start":{"line":5,"column":0},"end":{"line":5,"column":35}},"3":{"start":{"line":6,"column":0},"end":{"line":6,"column":42}},"4":{"start":{"line":7,"column":0},"end":{"line":7,"column":46}},"5":{"start":{"line":9,"column":0},"end":{"line":21,"column":2}},"6":{"start":{"line":10,"column":4},"end":{"line":10,"column":34}},"7":{"start":{"line":11,"column":4},"end":{"line":11,"column":31}},"8":{"start":{"line":12,"column":4},"end":{"line":12,"column":55}},"9":{"start":{"line":14,"column":4},"end":{"line":14,"column":64}},"10":{"start":{"line":15,"column":4},"end":{"line":15,"column":47}},"11":{"start":{"line":17,"column":4},"end":{"line":17,"column":61}},"12":{"start":{"line":18,"column":4},"end":{"line":18,"column":52}},"13":{"start":{"line":20,"column":4},"end":{"line":20,"column":42}},"14":{"start":{"line":23,"column":0},"end":{"line":23,"column":29}}},"branchMap":{},"l":{"3":1,"5":1,"6":1,"7":1,"9":1,"10":9,"11":9,"12":9,"14":9,"15":9,"17":9,"18":9,"20":9,"23":1}},
"E:\\Telerik\\telerik-nodejs-tw\\Offers App\\app\\config\\index.js":{"path":"E:\\Telerik\\telerik-nodejs-tw\\Offers App\\app\\config\\index.js","s":{"1":1},"b":{},"f":{},"fnMap":{},"statementMap":{"1":{"start":{"line":1,"column":0},"end":{"line":1,"column":37}}},"branchMap":{},"l":{"1":1}},
"E:\\Telerik\\telerik-nodejs-tw\\Offers App\\app\\routers\\index.js":{"path":"E:\\Telerik\\telerik-nodejs-tw\\Offers App\\app\\routers\\index.js","s":{"1":1},"b":{},"f":{},"fnMap":{},"statementMap":{"1":{"start":{"line":1,"column":0},"end":{"line":1,"column":38}}},"branchMap":{},"l":{"1":1}},
"E:\\Telerik\\telerik-nodejs-tw\\Offers App\\app\\routers\\routers.js":{"path":"E:\\Telerik\\telerik-nodejs-tw\\Offers App\\app\\routers\\routers.js","s":{"1":1,"2":1,"3":1,"4":9,"5":36,"6":18,"7":18,"8":1},"b":{},"f":{},"fnMap":{},"statementMap":{"1":{"start":{"line":3,"column":0},"end":{"line":3,"column":25}},"2":{"start":{"line":4,"column":0},"end":{"line":4,"column":29}},"3":{"start":{"line":6,"column":0},"end":{"line":14,"column":2}},"4":{"start":{"line":8,"column":4},"end":{"line":13,"column":11}},"5":{"start":{"line":9,"column":26},"end":{"line":9,"column":50}},"6":{"start":{"line":11,"column":12},"end":{"line":11,"column":58}},"7":{"start":{"line":12,"column":12},"end":{"line":12,"column":52}},"8":{"start":{"line":16,"column":0},"end":{"line":16,"column":30}}},"branchMap":{},"l":{"3":1,"4":1,"6":1,"8":9,"9":36,"11":18,"12":18,"16":1}},
"E:\\Telerik\\telerik-nodejs-tw\\Offers App\\config\\config.js":{"path":"E:\\Telerik\\telerik-nodejs-tw\\Offers App\\config\\config.js","s":{"1":1,"2":1,"3":1,"4":1},"b":{},"f":{},"fnMap":{},"statementMap":{"1":{"start":{"line":1,"column":0},"end":{"line":1,"column":18}},"2":{"start":{"line":2,"column":0},"end":{"line":2,"column":57}},"3":{"start":{"line":3,"column":0},"end":{"line":3,"column":39}},"4":{"start":{"line":5,"column":0},"end":{"line":5,"column":59}}},"branchMap":{},"l":{"1":1,"2":1,"3":1,"5":1}},
"E:\\Telerik\\telerik-nodejs-tw\\Offers App\\config\\index.js":{"path":"E:\\Telerik\\telerik-nodejs-tw\\Offers App\\config\\index.js","s":{"1":1},"b":{},"f":{},"fnMap":{},"statementMap":{"1":{"start":{"line":1,"column":0},"end":{"line":1,"column":37}}},"branchMap":{},"l":{"1":1}},
"E:\\Telerik\\telerik-nodejs-tw\\Offers App\\db\\db.js":{"path":"E:\\Telerik\\telerik-nodejs-tw\\Offers App\\db\\db.js","s":{"1":1,"2":1,"3":9,"4":1},"b":{},"f":{},"fnMap":{},"statementMap":{"1":{"start":{"line":1,"column":0},"end":{"line":1,"column":43}},"2":{"start":{"line":3,"column":0},"end":{"line":5,"column":2}},"3":{"start":{"line":4,"column":4},"end":{"line":4,"column":49}},"4":{"start":{"line":7,"column":0},"end":{"line":7,"column":26}}},"branchMap":{},"l":{"1":1,"3":1,"4":9,"7":1}},
"E:\\Telerik\\telerik-nodejs-tw\\Offers App\\db\\index.js":{"path":"E:\\Telerik\\telerik-nodejs-tw\\Offers App\\db\\index.js","s":{"1":1},"b":{},"f":{},"fnMap":{},"statementMap":{"1":{"start":{"line":1,"column":0},"end":{"line":1,"column":33}}},"branchMap":{},"l":{"1":1}},
"E:\\Telerik\\telerik-nodejs-tw\\Offers App\\models\\offer-model.js":{"path":"E:\\Telerik\\telerik-nodejs-tw\\Offers App\\models\\offer-model.js","s":{"1":0,"2":0,"3":0,"4":0,"5":0,"6":0,"7":1},"b":{"1":[0,0]},"f":{"1":0,"2":0,"3":0},"fnMap":{"1":{"name":"(anonymous_1)","line":2,"loc":{"start":{"line":2,"column":18},"end":{"line":2,"column":26}}},"2":{"name":"(anonymous_2)","line":7,"loc":{"start":{"line":7,"column":10},"end":{"line":7,"column":13}}},"3":{"name":"(anonymous_3)","line":11,"loc":{"start":{"line":11,"column":22},"end":{"line":11,"column":30}}}},"statementMap":{"1":{"start":{"line":3,"column":8},"end":{"line":4,"column":43}},"2":{"start":{"line":8,"column":8},"end":{"line":8,"column":24}},"3":{"start":{"line":12,"column":8},"end":{"line":12,"column":38}},"4":{"start":{"line":13,"column":8},"end":{"line":16,"column":15}},"5":{"start":{"line":15,"column":16},"end":{"line":15,"column":48}},"6":{"start":{"line":17,"column":8},"end":{"line":17,"column":25}},"7":{"start":{"line":21,"column":0},"end":{"line":21,"column":23}}},"branchMap":{"1":{"line":3,"type":"binary-expr","locations":[{"start":{"line":3,"column":15},"end":{"line":3,"column":43}},{"start":{"line":4,"column":12},"end":{"line":4,"column":43}}]}},"l":{"3":0,"8":0,"12":0,"13":0,"15":0,"17":0,"21":1}},
"E:\\Telerik\\telerik-nodejs-tw\\Offers App\\models\\user-model.js":{"path":"E:\\Telerik\\telerik-nodejs-tw\\Offers App\\models\\user-model.js","s":{"1":0,"2":0,"3":0,"4":0,"5":0,"6":0,"7":1},"b":{},"f":{"1":0,"2":0,"3":0},"fnMap":{"1":{"name":"(anonymous_1)","line":2,"loc":{"start":{"line":2,"column":18},"end":{"line":2,"column":26}}},"2":{"name":"(anonymous_2)","line":6,"loc":{"start":{"line":6,"column":10},"end":{"line":6,"column":13}}},"3":{"name":"(anonymous_3)","line":10,"loc":{"start":{"line":10,"column":22},"end":{"line":10,"column":30}}}},"statementMap":{"1":{"start":{"line":3,"column":8},"end":{"line":3,"column":20}},"2":{"start":{"line":7,"column":8},"end":{"line":7,"column":24}},"3":{"start":{"line":11,"column":8},"end":{"line":11,"column":37}},"4":{"start":{"line":13,"column":8},"end":{"line":16,"column":15}},"5":{"start":{"line":15,"column":16},"end":{"line":15,"column":46}},"6":{"start":{"line":18,"column":8},"end":{"line":18,"column":25}},"7":{"start":{"line":22,"column":0},"end":{"line":22,"column":22}}},"branchMap":{},"l":{"3":0,"7":0,"11":0,"13":0,"15":0,"18":0,"22":1}},
"E:\\Telerik\\telerik-nodejs-tw\\Offers App\\server.js":{"path":"E:\\Telerik\\telerik-nodejs-tw\\Offers App\\server.js","s":{"1":0,"2":0,"3":0,"4":0,"5":0,"6":0,"7":0},"b":{},"f":{},"fnMap":{},"statementMap":{"1":{"start":{"line":1,"column":0},"end":{"line":1,"column":35}},"2":{"start":{"line":3,"column":0},"end":{"line":11,"column":7}},"3":{"start":{"line":4,"column":16},"end":{"line":4,"column":61}},"4":{"start":{"line":5,"column":18},"end":{"line":5,"column":44}},"5":{"start":{"line":6,"column":20},"end":{"line":6,"column":47}},"6":{"start":{"line":8,"column":12},"end":{"line":10,"column":14}},"7":{"start":{"line":8,"column":42},"end":{"line":9,"column":55}}},"branchMap":{},"l":{"1":0,"3":0,"4":0,"5":0,"6":0,"8":0}}}
