TN:
SF:E:\Telerik\telerik-nodejs-tw\Offers App\data\data.js
FNF:0
FNH:0
DA:1,1
DA:2,1
DA:4,1
DA:5,9
DA:11,1
LF:5
LH:5
BRF:0
BRH:0
end_of_record
TN:
SF:E:\Telerik\telerik-nodejs-tw\Offers App\data\index.js
FNF:0
FNH:0
DA:1,1
LF:1
LH:1
BRF:0
BRH:0
end_of_record
TN:
SF:E:\Telerik\telerik-nodejs-tw\Offers App\data\offers-data.js
FN:5,(anonymous_1)
FNF:1
FNH:1
FNDA:9,(anonymous_1)
DA:1,1
DA:2,1
DA:6,9
DA:10,1
LF:4
LH:4
BRF:0
BRH:0
end_of_record
TN:
SF:E:\Telerik\telerik-nodejs-tw\Offers App\data\users-data.js
FN:6,(anonymous_1)
FN:10,(anonymous_2)
FN:16,(anonymous_3)
FN:35,(anonymous_4)
FNF:4
FNH:1
FNDA:9,(anonymous_1)
FNDA:0,(anonymous_2)
FNDA:0,(anonymous_3)
FNDA:0,(anonymous_4)
DA:1,1
DA:2,1
DA:3,1
DA:7,9
DA:11,0
DA:13,0
DA:17,0
DA:36,0
DA:44,1
LF:9
LH:5
BRF:0
BRH:0
end_of_record
TN:
SF:E:\Telerik\telerik-nodejs-tw\Offers App\data\base\base-data.js
FN:4,(anonymous_1)
FN:12,(anonymous_2)
FN:20,(anonymous_3)
FN:25,(anonymous_4)
FN:39,(anonymous_5)
FN:49,(anonymous_6)
FN:55,(anonymous_7)
FN:61,(anonymous_8)
FN:67,(anonymous_9)
FN:74,(anonymous_10)
FN:83,(anonymous_11)
FNF:11
FNH:5
FNDA:20,(anonymous_1)
FNDA:2,(anonymous_2)
FNDA:0,(anonymous_3)
FNDA:3,(anonymous_4)
FNDA:0,(anonymous_5)
FNDA:4,(anonymous_6)
FNDA:0,(anonymous_7)
FNDA:0,(anonymous_8)
FNDA:0,(anonymous_9)
FNDA:0,(anonymous_10)
FNDA:20,(anonymous_11)
DA:1,1
DA:5,20
DA:6,20
DA:7,20
DA:8,20
DA:9,20
DA:13,2
DA:21,0
DA:26,3
DA:29,3
DA:30,2
DA:31,4
DA:35,1
DA:40,0
DA:41,0
DA:43,0
DA:45,0
DA:50,4
DA:56,0
DA:62,0
DA:68,0
DA:75,0
DA:77,0
DA:80,0
DA:84,20
DA:88,1
LF:26
LH:15
BRDA:29,1,0,2
BRDA:29,1,1,1
BRDA:40,2,0,0
BRDA:40,2,1,0
BRDA:75,3,0,0
BRDA:75,3,1,0
BRDA:75,4,0,0
BRDA:75,4,1,0
BRF:8
BRH:2
end_of_record
TN:
SF:E:\Telerik\telerik-nodejs-tw\Offers App\app\routers\auth-router\controller.js
FN:2,(anonymous_1)
FN:6,(anonymous_2)
FN:9,(anonymous_3)
FN:12,(anonymous_4)
FN:17,(anonymous_5)
FNF:5
FNH:5
FNDA:9,(anonymous_1)
FNDA:2,(anonymous_2)
FNDA:1,(anonymous_3)
FNDA:1,(anonymous_4)
FNDA:3,(anonymous_5)
DA:3,9
DA:7,2
DA:10,1
DA:13,1
DA:14,1
DA:18,3
DA:20,3
DA:22,3
DA:24,3
DA:26,3
DA:28,3
DA:30,3
DA:31,3
DA:37,0
DA:39,0
DA:40,0
DA:41,0
DA:44,0
DA:50,0
DA:53,0
DA:59,1
DA:60,9
DA:63,1
LF:23
LH:16
BRDA:30,1,0,3
BRDA:30,1,1,0
BRDA:39,2,0,0
BRDA:39,2,1,0
BRF:4
BRH:1
end_of_record
TN:
SF:E:\Telerik\telerik-nodejs-tw\Offers App\app\routers\auth-router\index.js
FNF:0
FNH:0
DA:1,1
LF:1
LH:1
BRF:0
BRH:0
end_of_record
TN:
SF:E:\Telerik\telerik-nodejs-tw\Offers App\app\routers\auth-router\router.js
FNF:0
FNH:0
DA:1,1
DA:2,1
DA:4,1
DA:5,9
DA:6,9
DA:8,9
DA:10,2
DA:13,1
DA:16,1
DA:19,3
DA:27,9
DA:30,1
LF:12
LH:12
BRF:0
BRH:0
end_of_record
TN:
SF:E:\Telerik\telerik-nodejs-tw\Offers App\app\routers\offers-router\controller.js
FN:2,(anonymous_1)
FN:6,(anonymous_2)
FN:15,(anonymous_3)
FN:24,(anonymous_4)
FN:30,(anonymous_5)
FN:37,(anonymous_6)
FN:48,(anonymous_7)
FN:62,(anonymous_8)
FN:121,(anonymous_9)
FN:131,(anonymous_10)
FNF:10
FNH:6
FNDA:10,(anonymous_1)
FNDA:2,(anonymous_2)
FNDA:2,(anonymous_3)
FNDA:0,(anonymous_4)
FNDA:1,(anonymous_5)
FNDA:2,(anonymous_6)
FNDA:0,(anonymous_7)
FNDA:0,(anonymous_8)
FNDA:0,(anonymous_9)
FNDA:2,(anonymous_10)
DA:3,10
DA:7,2
DA:9,2
DA:16,2
DA:18,2
DA:25,0
DA:31,1
DA:33,1
DA:38,2
DA:39,2
DA:41,0
DA:49,0
DA:50,0
DA:52,0
DA:63,0
DA:64,0
DA:66,0
DA:68,0
DA:70,0
DA:72,0
DA:75,0
DA:77,0
DA:78,0
DA:84,0
DA:89,0
DA:94,0
DA:95,0
DA:105,0
DA:110,0
DA:115,0
DA:116,0
DA:122,0
DA:123,0
DA:125,0
DA:132,2
DA:133,2
DA:135,2
DA:137,0
DA:138,0
DA:139,0
DA:141,0
DA:147,1
DA:148,10
DA:151,1
LF:44
LH:15
BRDA:10,1,0,2
BRDA:10,1,1,0
BRDA:19,2,0,2
BRDA:19,2,1,0
BRDA:26,3,0,0
BRDA:26,3,1,0
BRDA:43,4,0,0
BRDA:43,4,1,0
BRDA:77,5,0,0
BRDA:77,5,1,0
BRDA:94,6,0,0
BRDA:94,6,1,0
BRDA:126,7,0,0
BRDA:126,7,1,0
BRDA:137,8,0,0
BRDA:137,8,1,0
BRF:16
BRH:2
end_of_record
TN:
SF:E:\Telerik\telerik-nodejs-tw\Offers App\app\routers\offers-router\index.js
FNF:0
FNH:0
DA:1,1
LF:1
LH:1
BRF:0
BRH:0
end_of_record
TN:
SF:E:\Telerik\telerik-nodejs-tw\Offers App\app\routers\offers-router\router.js
FNF:0
FNH:0
DA:1,1
DA:2,9
DA:4,9
DA:5,2
DA:8,9
DA:9,1
DA:12,9
DA:13,1
DA:16,9
DA:17,0
DA:20,9
DA:21,0
DA:24,9
DA:25,2
DA:28,9
DA:29,2
DA:32,9
DA:33,0
DA:36,9
DA:37,0
DA:41,1
LF:21
LH:17
BRF:0
BRH:0
end_of_record
TN:
SF:E:\Telerik\telerik-nodejs-tw\Offers App\app\app.js
FNF:0
FNH:0
DA:1,1
DA:2,1
DA:3,1
DA:5,1
DA:6,9
DA:8,9
DA:9,9
DA:11,9
DA:13,9
DA:14,9
DA:15,15
DA:16,15
DA:19,9
DA:21,9
DA:25,9
DA:28,1
LF:16
LH:16
BRF:0
BRH:0
end_of_record
TN:
SF:E:\Telerik\telerik-nodejs-tw\Offers App\app\index.js
FNF:0
FNH:0
DA:1,1
LF:1
LH:1
BRF:0
BRH:0
end_of_record
TN:
SF:E:\Telerik\telerik-nodejs-tw\Offers App\app\auth\auth.js
FNF:0
FNH:0
DA:1,1
DA:2,1
DA:3,1
DA:4,1
DA:6,1
DA:8,1
DA:9,9
DA:10,0
DA:12,0
DA:13,0
DA:15,0
DA:19,9
DA:26,9
DA:27,9
DA:29,9
DA:30,0
DA:33,9
DA:34,0
DA:36,0
DA:40,9
DA:41,15
DA:45,15
DA:49,1
LF:23
LH:16
BRDA:12,1,0,0
BRDA:12,1,1,0
BRF:2
BRH:0
end_of_record
TN:
SF:E:\Telerik\telerik-nodejs-tw\Offers App\app\auth\index.js
FNF:0
FNH:0
DA:1,1
LF:1
LH:1
BRF:0
BRH:0
end_of_record
TN:
SF:E:\Telerik\telerik-nodejs-tw\Offers App\app\config\config.js
FNF:0
FNH:0
DA:3,1
DA:5,1
DA:6,1
DA:7,1
DA:9,1
DA:10,9
DA:11,9
DA:12,9
DA:14,9
DA:15,9
DA:17,9
DA:18,9
DA:20,9
DA:23,1
LF:14
LH:14
BRF:0
BRH:0
end_of_record
TN:
SF:E:\Telerik\telerik-nodejs-tw\Offers App\app\config\index.js
FNF:0
FNH:0
DA:1,1
LF:1
LH:1
BRF:0
BRH:0
end_of_record
TN:
SF:E:\Telerik\telerik-nodejs-tw\Offers App\app\routers\index.js
FNF:0
FNH:0
DA:1,1
LF:1
LH:1
BRF:0
BRH:0
end_of_record
TN:
SF:E:\Telerik\telerik-nodejs-tw\Offers App\app\routers\routers.js
FNF:0
FNH:0
DA:3,1
DA:4,1
DA:6,1
DA:8,9
DA:9,36
DA:11,18
DA:12,18
DA:16,1
LF:8
LH:8
BRF:0
BRH:0
end_of_record
TN:
SF:E:\Telerik\telerik-nodejs-tw\Offers App\config\config.js
FNF:0
FNH:0
DA:1,1
DA:2,1
DA:3,1
DA:5,1
LF:4
LH:4
BRF:0
BRH:0
end_of_record
TN:
SF:E:\Telerik\telerik-nodejs-tw\Offers App\config\index.js
FNF:0
FNH:0
DA:1,1
LF:1
LH:1
BRF:0
BRH:0
end_of_record
TN:
SF:E:\Telerik\telerik-nodejs-tw\Offers App\db\db.js
FNF:0
FNH:0
DA:1,1
DA:3,1
DA:4,9
DA:7,1
LF:4
LH:4
BRF:0
BRH:0
end_of_record
TN:
SF:E:\Telerik\telerik-nodejs-tw\Offers App\db\index.js
FNF:0
FNH:0
DA:1,1
LF:1
LH:1
BRF:0
BRH:0
end_of_record
TN:
SF:E:\Telerik\telerik-nodejs-tw\Offers App\models\offer-model.js
FN:2,(anonymous_1)
FN:7,(anonymous_2)
FN:11,(anonymous_3)
FNF:3
FNH:0
FNDA:0,(anonymous_1)
FNDA:0,(anonymous_2)
FNDA:0,(anonymous_3)
DA:3,0
DA:8,0
DA:12,0
DA:13,0
DA:15,0
DA:17,0
DA:21,1
LF:7
LH:1
BRDA:3,1,0,0
BRDA:3,1,1,0
BRF:2
BRH:0
end_of_record
TN:
SF:E:\Telerik\telerik-nodejs-tw\Offers App\models\user-model.js
FN:2,(anonymous_1)
FN:6,(anonymous_2)
FN:10,(anonymous_3)
FNF:3
FNH:0
FNDA:0,(anonymous_1)
FNDA:0,(anonymous_2)
FNDA:0,(anonymous_3)
DA:3,0
DA:7,0
DA:11,0
DA:13,0
DA:15,0
DA:18,0
DA:22,1
LF:7
LH:1
BRF:0
BRH:0
end_of_record
TN:
SF:E:\Telerik\telerik-nodejs-tw\Offers App\server.js
FNF:0
FNH:0
DA:1,0
DA:3,0
DA:4,0
DA:5,0
DA:6,0
DA:8,0
LF:6
LH:0
BRF:0
BRH:0
end_of_record
